<?xml version="1.0" encoding="UTF-8"?>
<robot generator="Robot 4.1.2 (Python 3.7.6 on win32)" generated="20211213 17:37:01.331" rpa="false" schemaversion="2">
<suite id="s1" name="Test" source="C:\Users\hylen\Desktop\COLLEGE\Term 07\Advanced Software Engineering\RobotFramework-Practice\test">
<suite id="s1-s1" name="Valid Login" source="C:\Users\hylen\Desktop\COLLEGE\Term 07\Advanced Software Engineering\RobotFramework-Practice\test\valid_login.robot">
<test id="s1-s1-t1" name="Valid Login">
<kw name="Open Browser To Login Page" library="resources">
<kw name="Open Browser" library="SeleniumLibrary">
<arg>${LOGIN URL}</arg>
<arg>${BROWSER}</arg>
<doc>Opens a new browser instance to the optional ``url``.</doc>
<msg timestamp="20211213 17:37:01.715" level="INFO">Opening browser 'chrome' to base url 'https://www.saucedemo.com/'.</msg>
<status status="PASS" starttime="20211213 17:37:01.714" endtime="20211213 17:37:05.454"/>
</kw>
<kw name="Maximize Browser Window" library="SeleniumLibrary">
<doc>Maximizes current browser window.</doc>
<status status="PASS" starttime="20211213 17:37:05.454" endtime="20211213 17:37:05.588"/>
</kw>
<kw name="Set Selenium Speed" library="SeleniumLibrary">
<arg>${DELAY}</arg>
<doc>Sets the delay that is waited after each Selenium command.</doc>
<status status="PASS" starttime="20211213 17:37:05.589" endtime="20211213 17:37:05.589"/>
</kw>
<kw name="Login Page Should Be Open" library="resources">
<kw name="Page Should Contain Element" library="SeleniumLibrary">
<arg>login-button</arg>
<doc>Verifies that element ``locator`` is found on the current page.</doc>
<msg timestamp="20211213 17:37:05.609" level="INFO">Current page contains element 'login-button'.</msg>
<status status="PASS" starttime="20211213 17:37:05.590" endtime="20211213 17:37:05.609"/>
</kw>
<status status="PASS" starttime="20211213 17:37:05.589" endtime="20211213 17:37:05.611"/>
</kw>
<status status="PASS" starttime="20211213 17:37:01.714" endtime="20211213 17:37:05.611"/>
</kw>
<kw name="Input Username" library="resources">
<arg>${VALID USER}</arg>
<kw name="Input Text" library="SeleniumLibrary">
<arg>user-name</arg>
<arg>${username}</arg>
<doc>Types the given ``text`` into the text field identified by ``locator``.</doc>
<msg timestamp="20211213 17:37:05.613" level="INFO">Typing text 'standard_user' into text field 'user-name'.</msg>
<status status="PASS" starttime="20211213 17:37:05.612" endtime="20211213 17:37:05.774"/>
</kw>
<status status="PASS" starttime="20211213 17:37:05.612" endtime="20211213 17:37:05.774"/>
</kw>
<kw name="Input Pass" library="resources">
<arg>${VALID PASSWORD}</arg>
<kw name="Input Password" library="SeleniumLibrary">
<arg>password</arg>
<arg>${password}</arg>
<doc>Types the given password into the text field identified by ``locator``.</doc>
<msg timestamp="20211213 17:37:05.777" level="INFO">Typing password into text field 'password'.</msg>
<msg timestamp="20211213 17:37:05.823" level="INFO">Temporally setting log level to: NONE</msg>
<msg timestamp="20211213 17:37:05.899" level="INFO">Log level changed from NONE to INFO.</msg>
<status status="PASS" starttime="20211213 17:37:05.776" endtime="20211213 17:37:05.899"/>
</kw>
<status status="PASS" starttime="20211213 17:37:05.776" endtime="20211213 17:37:05.899"/>
</kw>
<kw name="Submit Credentials" library="resources">
<kw name="Click Button" library="SeleniumLibrary">
<arg>login-button</arg>
<doc>Clicks the button identified by ``locator``.</doc>
<msg timestamp="20211213 17:37:05.901" level="INFO">Clicking button 'login-button'.</msg>
<status status="PASS" starttime="20211213 17:37:05.901" endtime="20211213 17:37:06.083"/>
</kw>
<status status="PASS" starttime="20211213 17:37:05.900" endtime="20211213 17:37:06.084"/>
</kw>
<kw name="Product Page Should Be Open" library="resources">
<kw name="Element Text Should Be" library="SeleniumLibrary">
<arg>class:title</arg>
<arg>PRODUCTS</arg>
<doc>Verifies that element ``locator`` contains exact the text ``expected``.</doc>
<msg timestamp="20211213 17:37:06.086" level="INFO">Verifying element 'class:title' contains exact text 'PRODUCTS'.</msg>
<status status="PASS" starttime="20211213 17:37:06.085" endtime="20211213 17:37:06.130"/>
</kw>
<status status="PASS" starttime="20211213 17:37:06.084" endtime="20211213 17:37:06.131"/>
</kw>
<kw name="Close Browser" library="SeleniumLibrary" type="TEARDOWN">
<doc>Closes the current browser.</doc>
<status status="PASS" starttime="20211213 17:37:06.133" endtime="20211213 17:37:08.343"/>
</kw>
<status status="PASS" starttime="20211213 17:37:01.711" endtime="20211213 17:37:08.344"/>
</test>
<test id="s1-s1-t2" name="Locked Out Login">
<kw name="Open Browser To Login Page" library="resources">
<kw name="Open Browser" library="SeleniumLibrary">
<arg>${LOGIN URL}</arg>
<arg>${BROWSER}</arg>
<doc>Opens a new browser instance to the optional ``url``.</doc>
<msg timestamp="20211213 17:37:08.358" level="INFO">Opening browser 'chrome' to base url 'https://www.saucedemo.com/'.</msg>
<status status="PASS" starttime="20211213 17:37:08.356" endtime="20211213 17:37:11.436"/>
</kw>
<kw name="Maximize Browser Window" library="SeleniumLibrary">
<doc>Maximizes current browser window.</doc>
<status status="PASS" starttime="20211213 17:37:11.436" endtime="20211213 17:37:11.563"/>
</kw>
<kw name="Set Selenium Speed" library="SeleniumLibrary">
<arg>${DELAY}</arg>
<doc>Sets the delay that is waited after each Selenium command.</doc>
<status status="PASS" starttime="20211213 17:37:11.563" endtime="20211213 17:37:11.564"/>
</kw>
<kw name="Login Page Should Be Open" library="resources">
<kw name="Page Should Contain Element" library="SeleniumLibrary">
<arg>login-button</arg>
<doc>Verifies that element ``locator`` is found on the current page.</doc>
<msg timestamp="20211213 17:37:11.600" level="INFO">Current page contains element 'login-button'.</msg>
<status status="PASS" starttime="20211213 17:37:11.566" endtime="20211213 17:37:11.600"/>
</kw>
<status status="PASS" starttime="20211213 17:37:11.564" endtime="20211213 17:37:11.601"/>
</kw>
<status status="PASS" starttime="20211213 17:37:08.355" endtime="20211213 17:37:11.601"/>
</kw>
<kw name="Input Username" library="resources">
<arg>${LOCKED OUT USER}</arg>
<kw name="Input Text" library="SeleniumLibrary">
<arg>user-name</arg>
<arg>${username}</arg>
<doc>Types the given ``text`` into the text field identified by ``locator``.</doc>
<msg timestamp="20211213 17:37:11.603" level="INFO">Typing text 'locked_out_user' into text field 'user-name'.</msg>
<status status="PASS" starttime="20211213 17:37:11.603" endtime="20211213 17:37:11.784"/>
</kw>
<status status="PASS" starttime="20211213 17:37:11.602" endtime="20211213 17:37:11.784"/>
</kw>
<kw name="Input Pass" library="resources">
<arg>${VALID PASSWORD}</arg>
<kw name="Input Password" library="SeleniumLibrary">
<arg>password</arg>
<arg>${password}</arg>
<doc>Types the given password into the text field identified by ``locator``.</doc>
<msg timestamp="20211213 17:37:11.786" level="INFO">Typing password into text field 'password'.</msg>
<msg timestamp="20211213 17:37:11.831" level="INFO">Temporally setting log level to: NONE</msg>
<msg timestamp="20211213 17:37:11.907" level="INFO">Log level changed from NONE to INFO.</msg>
<status status="PASS" starttime="20211213 17:37:11.785" endtime="20211213 17:37:11.907"/>
</kw>
<status status="PASS" starttime="20211213 17:37:11.784" endtime="20211213 17:37:11.908"/>
</kw>
<kw name="Submit Credentials" library="resources">
<kw name="Click Button" library="SeleniumLibrary">
<arg>login-button</arg>
<doc>Clicks the button identified by ``locator``.</doc>
<msg timestamp="20211213 17:37:11.910" level="INFO">Clicking button 'login-button'.</msg>
<status status="PASS" starttime="20211213 17:37:11.909" endtime="20211213 17:37:11.985"/>
</kw>
<status status="PASS" starttime="20211213 17:37:11.908" endtime="20211213 17:37:11.986"/>
</kw>
<kw name="Error Message Shown" library="resources">
<arg>Epic sadface: Sorry, this user has been locked out.</arg>
<kw name="Element Text Should Be" library="SeleniumLibrary">
<arg>css:*[data-test="error"]</arg>
<arg>${error}</arg>
<doc>Verifies that element ``locator`` contains exact the text ``expected``.</doc>
<msg timestamp="20211213 17:37:11.988" level="INFO">Verifying element 'css:*[data-test="error"]' contains exact text 'Epic sadface: Sorry, this user has been locked out.'.</msg>
<status status="PASS" starttime="20211213 17:37:11.987" endtime="20211213 17:37:12.019"/>
</kw>
<status status="PASS" starttime="20211213 17:37:11.986" endtime="20211213 17:37:12.019"/>
</kw>
<kw name="Close Browser" library="SeleniumLibrary" type="TEARDOWN">
<doc>Closes the current browser.</doc>
<status status="PASS" starttime="20211213 17:37:12.020" endtime="20211213 17:37:14.189"/>
</kw>
<status status="PASS" starttime="20211213 17:37:08.352" endtime="20211213 17:37:14.191"/>
</test>
<doc>A test suite with a single test for valid login

This test follows the example using keywords from
the SeleniumLibrary</doc>
<status status="PASS" starttime="20211213 17:37:01.386" endtime="20211213 17:37:14.201"/>
</suite>
<status status="PASS" starttime="20211213 17:37:01.333" endtime="20211213 17:37:14.211"/>
</suite>
<statistics>
<total>
<stat pass="2" fail="0" skip="0">All Tests</stat>
</total>
<tag>
</tag>
<suite>
<stat pass="2" fail="0" skip="0" id="s1" name="Test">Test</stat>
<stat pass="2" fail="0" skip="0" id="s1-s1" name="Valid Login">Test.Valid Login</stat>
</suite>
</statistics>
<errors>
</errors>
</robot>
